<?xml version="1.0" encoding="UTF-8"?>
<robot generator="Robot 7.4.1 (Python 3.13.1 on win32)" generated="2026-02-20T23:38:19.038721" rpa="false" schemaversion="5">
<suite id="s1" name="Excel" source="C:\Users\vasav\PycharmProjects\Robot Framework\DataDriven\Excel.robot">
<test id="s1-t1" name="Login with user" line="12">
<kw name="Open Browser" owner="SeleniumLibrary" type="SETUP">
<msg time="2026-02-20T23:38:23.382976" level="INFO">Opening browser 'firefox' to base url 'https://opensource-demo.orangehrmlive.com/web/index.php/auth/login'.</msg>
<arg>https://opensource-demo.orangehrmlive.com/web/index.php/auth/login</arg>
<doc>Opens a new browser instance to the optional ``url``.</doc>
<status status="PASS" start="2026-02-20T23:38:23.382288" elapsed="13.640360"/>
</kw>
<kw name="Login Test">
<kw name="Wait Until Element Is Visible" owner="SeleniumLibrary">
<arg>xpath://input[@name='username']</arg>
<doc>Waits until the element ``locator`` is visible.</doc>
<status status="PASS" start="2026-02-20T23:38:37.023811" elapsed="1.857930"/>
</kw>
<kw name="Input Text" owner="SeleniumLibrary">
<msg time="2026-02-20T23:38:38.882331" level="INFO">Typing text 'admin' into text field 'xpath://input[@name='username']'.</msg>
<arg>xpath://input[@name='username']</arg>
<arg>admin</arg>
<doc>Types the given ``text`` into the text field identified by ``locator``.</doc>
<status status="PASS" start="2026-02-20T23:38:38.882037" elapsed="0.028284"/>
</kw>
<kw name="Input Text" owner="SeleniumLibrary">
<msg time="2026-02-20T23:38:38.910830" level="INFO">Typing text 'admin123' into text field 'xpath://input[@name='password']'.</msg>
<arg>xpath://input[@name='password']</arg>
<arg>admin123</arg>
<doc>Types the given ``text`` into the text field identified by ``locator``.</doc>
<status status="PASS" start="2026-02-20T23:38:38.910557" elapsed="0.021112"/>
</kw>
<kw name="Click Element" owner="SeleniumLibrary">
<msg time="2026-02-20T23:38:38.932008" level="INFO">Clicking element 'xpath://button[@type='submit']'.</msg>
<arg>xpath://button[@type='submit']</arg>
<doc>Click the element identified by ``locator``.</doc>
<status status="PASS" start="2026-02-20T23:38:38.931835" elapsed="2.304871"/>
</kw>
<kw name="Wait Until Element Is Visible" owner="SeleniumLibrary">
<arg>xpath://body/div[@id='app']/div[@class='oxd-layout orangehrm-upgrade-layout']/div[@class='oxd-layout-container']/div[@class='oxd-layout-context']/div[@class='oxd-grid-3 orangehrm-dashboard-grid']/div[2]</arg>
<doc>Waits until the element ``locator`` is visible.</doc>
<status status="PASS" start="2026-02-20T23:38:41.236886" elapsed="1.235526"/>
</kw>
<kw name="Element Should Be Visible" owner="SeleniumLibrary">
<msg time="2026-02-20T23:38:42.483539" level="INFO">Element 'xpath://body/div[@id='app']/div[@class='oxd-layout orangehrm-upgrade-layout']/div[@class='oxd-layout-container']/div[@class='oxd-layout-context']/div[@class='oxd-grid-3 orangehrm-dashboard-grid']/div[2]' is displayed.</msg>
<arg>xpath://body/div[@id='app']/div[@class='oxd-layout orangehrm-upgrade-layout']/div[@class='oxd-layout-container']/div[@class='oxd-layout-context']/div[@class='oxd-grid-3 orangehrm-dashboard-grid']/div[2]</arg>
<doc>Verifies that the element identified by ``locator`` is visible.</doc>
<status status="PASS" start="2026-02-20T23:38:42.472673" elapsed="0.011149"/>
</kw>
<kw name="Close Browser" owner="SeleniumLibrary">
<doc>Closes the current browser.</doc>
<status status="PASS" start="2026-02-20T23:38:42.484036" elapsed="3.330778"/>
</kw>
<arg>username=admin@yourstore.com</arg>
<arg>password=admin12</arg>
<status status="PASS" start="2026-02-20T23:38:37.023308" elapsed="8.791732"/>
</kw>
<status status="PASS" start="2026-02-20T23:38:23.378701" elapsed="22.436652"/>
</test>
<test id="s1-t2" name="Login with user" line="12">
<kw name="Open Browser" owner="SeleniumLibrary" type="SETUP">
<msg time="2026-02-20T23:38:45.816924" level="INFO">Opening browser 'firefox' to base url 'https://opensource-demo.orangehrmlive.com/web/index.php/auth/login'.</msg>
<arg>https://opensource-demo.orangehrmlive.com/web/index.php/auth/login</arg>
<doc>Opens a new browser instance to the optional ``url``.</doc>
<status status="PASS" start="2026-02-20T23:38:45.816699" elapsed="12.202973"/>
</kw>
<kw name="Login Test">
<kw name="Wait Until Element Is Visible" owner="SeleniumLibrary">
<arg>xpath://input[@name='username']</arg>
<doc>Waits until the element ``locator`` is visible.</doc>
<status status="PASS" start="2026-02-20T23:38:58.021312" elapsed="1.454112"/>
</kw>
<kw name="Input Text" owner="SeleniumLibrary">
<msg time="2026-02-20T23:38:59.475785" level="INFO">Typing text 'admin' into text field 'xpath://input[@name='username']'.</msg>
<arg>xpath://input[@name='username']</arg>
<arg>admin</arg>
<doc>Types the given ``text`` into the text field identified by ``locator``.</doc>
<status status="PASS" start="2026-02-20T23:38:59.475594" elapsed="0.022621"/>
</kw>
<kw name="Input Text" owner="SeleniumLibrary">
<msg time="2026-02-20T23:38:59.498639" level="INFO">Typing text 'admin123' into text field 'xpath://input[@name='password']'.</msg>
<arg>xpath://input[@name='password']</arg>
<arg>admin123</arg>
<doc>Types the given ``text`` into the text field identified by ``locator``.</doc>
<status status="PASS" start="2026-02-20T23:38:59.498404" elapsed="0.014529"/>
</kw>
<kw name="Click Element" owner="SeleniumLibrary">
<msg time="2026-02-20T23:38:59.513497" level="INFO">Clicking element 'xpath://button[@type='submit']'.</msg>
<arg>xpath://button[@type='submit']</arg>
<doc>Click the element identified by ``locator``.</doc>
<status status="PASS" start="2026-02-20T23:38:59.513197" elapsed="5.311466"/>
</kw>
<kw name="Wait Until Element Is Visible" owner="SeleniumLibrary">
<arg>xpath://body/div[@id='app']/div[@class='oxd-layout orangehrm-upgrade-layout']/div[@class='oxd-layout-container']/div[@class='oxd-layout-context']/div[@class='oxd-grid-3 orangehrm-dashboard-grid']/div[2]</arg>
<doc>Waits until the element ``locator`` is visible.</doc>
<status status="PASS" start="2026-02-20T23:39:04.824809" elapsed="4.491960"/>
</kw>
<kw name="Element Should Be Visible" owner="SeleniumLibrary">
<msg time="2026-02-20T23:39:09.324964" level="INFO">Element 'xpath://body/div[@id='app']/div[@class='oxd-layout orangehrm-upgrade-layout']/div[@class='oxd-layout-container']/div[@class='oxd-layout-context']/div[@class='oxd-grid-3 orangehrm-dashboard-grid']/div[2]' is displayed.</msg>
<arg>xpath://body/div[@id='app']/div[@class='oxd-layout orangehrm-upgrade-layout']/div[@class='oxd-layout-container']/div[@class='oxd-layout-context']/div[@class='oxd-grid-3 orangehrm-dashboard-grid']/div[2]</arg>
<doc>Verifies that the element identified by ``locator`` is visible.</doc>
<status status="PASS" start="2026-02-20T23:39:09.317026" elapsed="0.008033"/>
</kw>
<kw name="Close Browser" owner="SeleniumLibrary">
<doc>Closes the current browser.</doc>
<status status="PASS" start="2026-02-20T23:39:09.325199" elapsed="3.616120"/>
</kw>
<arg>username=adm23@yourstore.com</arg>
<arg>password=admin</arg>
<status status="PASS" start="2026-02-20T23:38:58.020734" elapsed="14.920770"/>
</kw>
<status status="PASS" start="2026-02-20T23:38:45.815757" elapsed="27.126129"/>
</test>
<test id="s1-t3" name="Login with user" line="12">
<kw name="Open Browser" owner="SeleniumLibrary" type="SETUP">
<msg time="2026-02-20T23:39:12.943864" level="INFO">Opening browser 'firefox' to base url 'https://opensource-demo.orangehrmlive.com/web/index.php/auth/login'.</msg>
<arg>https://opensource-demo.orangehrmlive.com/web/index.php/auth/login</arg>
<doc>Opens a new browser instance to the optional ``url``.</doc>
<status status="PASS" start="2026-02-20T23:39:12.943655" elapsed="14.289294"/>
</kw>
<kw name="Login Test">
<kw name="Wait Until Element Is Visible" owner="SeleniumLibrary">
<arg>xpath://input[@name='username']</arg>
<doc>Waits until the element ``locator`` is visible.</doc>
<status status="PASS" start="2026-02-20T23:39:27.233894" elapsed="2.490213"/>
</kw>
<kw name="Input Text" owner="SeleniumLibrary">
<msg time="2026-02-20T23:39:29.725264" level="INFO">Typing text 'admin' into text field 'xpath://input[@name='username']'.</msg>
<arg>xpath://input[@name='username']</arg>
<arg>admin</arg>
<doc>Types the given ``text`` into the text field identified by ``locator``.</doc>
<status status="PASS" start="2026-02-20T23:39:29.724472" elapsed="0.031728"/>
</kw>
<kw name="Input Text" owner="SeleniumLibrary">
<msg time="2026-02-20T23:39:29.756765" level="INFO">Typing text 'admin123' into text field 'xpath://input[@name='password']'.</msg>
<arg>xpath://input[@name='password']</arg>
<arg>admin123</arg>
<doc>Types the given ``text`` into the text field identified by ``locator``.</doc>
<status status="PASS" start="2026-02-20T23:39:29.756470" elapsed="0.031215"/>
</kw>
<kw name="Click Element" owner="SeleniumLibrary">
<msg time="2026-02-20T23:39:29.788270" level="INFO">Clicking element 'xpath://button[@type='submit']'.</msg>
<arg>xpath://button[@type='submit']</arg>
<doc>Click the element identified by ``locator``.</doc>
<status status="PASS" start="2026-02-20T23:39:29.787933" elapsed="5.104635"/>
</kw>
<kw name="Wait Until Element Is Visible" owner="SeleniumLibrary">
<arg>xpath://body/div[@id='app']/div[@class='oxd-layout orangehrm-upgrade-layout']/div[@class='oxd-layout-container']/div[@class='oxd-layout-context']/div[@class='oxd-grid-3 orangehrm-dashboard-grid']/div[2]</arg>
<doc>Waits until the element ``locator`` is visible.</doc>
<status status="PASS" start="2026-02-20T23:39:34.892998" elapsed="3.275546"/>
</kw>
<kw name="Element Should Be Visible" owner="SeleniumLibrary">
<msg time="2026-02-20T23:39:38.178575" level="INFO">Element 'xpath://body/div[@id='app']/div[@class='oxd-layout orangehrm-upgrade-layout']/div[@class='oxd-layout-container']/div[@class='oxd-layout-context']/div[@class='oxd-grid-3 orangehrm-dashboard-grid']/div[2]' is displayed.</msg>
<arg>xpath://body/div[@id='app']/div[@class='oxd-layout orangehrm-upgrade-layout']/div[@class='oxd-layout-container']/div[@class='oxd-layout-context']/div[@class='oxd-grid-3 orangehrm-dashboard-grid']/div[2]</arg>
<doc>Verifies that the element identified by ``locator`` is visible.</doc>
<status status="PASS" start="2026-02-20T23:39:38.168719" elapsed="0.009994"/>
</kw>
<kw name="Close Browser" owner="SeleniumLibrary">
<doc>Closes the current browser.</doc>
<status status="PASS" start="2026-02-20T23:39:38.178972" elapsed="3.280513"/>
</kw>
<arg>username=adm@yourstore.com</arg>
<arg>password=admin</arg>
<status status="PASS" start="2026-02-20T23:39:27.233466" elapsed="14.226137"/>
</kw>
<status status="PASS" start="2026-02-20T23:39:12.942371" elapsed="28.517447"/>
</test>
<kw name="Close Browser" owner="SeleniumLibrary" type="TEARDOWN">
<doc>Closes the current browser.</doc>
<status status="PASS" start="2026-02-20T23:39:41.460259" elapsed="0.000121"/>
</kw>
<status status="PASS" start="2026-02-20T23:38:19.042821" elapsed="82.417597"/>
</suite>
<statistics>
<total>
<stat pass="3" fail="0" skip="0">All Tests</stat>
</total>
<tag>
</tag>
<suite>
<stat name="Excel" id="s1" pass="3" fail="0" skip="0">Excel</stat>
</suite>
</statistics>
<errors>
<msg time="2026-02-20T23:38:45.815854" level="WARN">Multiple tests with name 'Login with user' executed in suite 'Excel'.</msg>
<msg time="2026-02-20T23:39:12.942418" level="WARN">Multiple tests with name 'Login with user' executed in suite 'Excel'.</msg>
</errors>
</robot>
